<html>
<head>
<title>TestNG:  Surefire test</title>
<link href="../testng.css" rel="stylesheet" type="text/css" />
<link href="../my-testng.css" rel="stylesheet" type="text/css" />

<style type="text/css">
.log { display: none;} 
.stack-trace { display: none;} 
</style>
<script type="text/javascript">
<!--
function flip(e) {
  current = e.style.display;
  if (current == 'block') {
    e.style.display = 'none';
    return 0;
  }
  else {
    e.style.display = 'block';
    return 1;
  }
}

function toggleBox(szDivId, elem, msg1, msg2)
{
  var res = -1;  if (document.getElementById) {
    res = flip(document.getElementById(szDivId));
  }
  else if (document.all) {
    // this is the way old msie versions work
    res = flip(document.all[szDivId]);
  }
  if(elem) {
    if(res == 0) elem.innerHTML = msg1; else elem.innerHTML = msg2;
  }

}

function toggleAllBoxes() {
  if (document.getElementsByTagName) {
    d = document.getElementsByTagName('div');
    for (i = 0; i < d.length; i++) {
      if (d[i].className == 'log') {
        flip(d[i]);
      }
    }
  }
}

// -->
</script>

</head>
<body>
<h2 align='center'>Surefire test</h2><table border='1' align="center">
<tr>
<td>Tests passed/Failed/Skipped:</td><td>26/0/0</td>
</tr><tr>
<td>Started on:</td><td>Sun Oct 31 16:16:10 EET 2021</td>
</tr>
<tr><td>Total time:</td><td>12 seconds (12449 ms)</td>
</tr><tr>
<td>Included groups:</td><td></td>
</tr><tr>
<td>Excluded groups:</td><td></td>
</tr>
</table><p/>
<small><i>(Hover the method name to see the test class name)</i></small><p/>
<table width='100%' border='1' class='invocation-passed'>
<tr><td colspan='4' align='center'><b>PASSED TESTS</b></td></tr>
<tr><td><b>Test method</b></td>
<td width="30%"><b>Exception</b></td>
<td width="10%"><b>Time (seconds)</b></td>
<td><b>Instance</b></td>
</tr>
<tr>
<td title='bg.codix.chat.controller.UserControllerTest.getUsersWhoCanSendMessageToStatusOk()'><b>getUsersWhoCanSendMessageToStatusOk</b><br>Test class: bg.codix.chat.controller.UserControllerTest</td>
<td></td>
<td>0</td>
<td>bg.codix.chat.controller.UserControllerTest@644baf4a</td></tr>
<tr>
<td title='bg.codix.chat.repository.MessageRepositoryTest.readMessageHanelException()'><b>readMessageHanelException</b><br>Test class: bg.codix.chat.repository.MessageRepositoryTest</td>
<td><div><pre>bg.codix.chat.exception.MessageNotFoundException: The message not found
	at bg.codix.chat.repository.impl.MessageRepositoryImpl.readMessage(MessageRepositoryImpl.java:101)
	at bg.codix.chat.repository.MessageRepositoryTest.readMessageHanelException(MessageRepositoryTest.java:139)
	at java.util.ArrayList.forEach(ArrayList.java:1259)
... Removed 32 stack frames</pre></div><a href='#' onClick='toggleBox("stack-trace212158113", this, "Click to show all stack frames", "Click to hide stack frames")'>Click to show all stack frames</a>
<div class='stack-trace' id='stack-trace212158113'><pre>bg.codix.chat.exception.MessageNotFoundException: The message not found
	at bg.codix.chat.repository.impl.MessageRepositoryImpl.readMessage(MessageRepositoryImpl.java:101)
	at bg.codix.chat.repository.MessageRepositoryTest.readMessageHanelException(MessageRepositoryTest.java:139)
	at sun.reflect.NativeMethodAccessorImpl.invoke0(Native Method)
	at sun.reflect.NativeMethodAccessorImpl.invoke(NativeMethodAccessorImpl.java:62)
	at sun.reflect.DelegatingMethodAccessorImpl.invoke(DelegatingMethodAccessorImpl.java:43)
	at java.lang.reflect.Method.invoke(Method.java:498)
	at org.testng.internal.MethodInvocationHelper.invokeMethod(MethodInvocationHelper.java:133)
	at org.testng.internal.TestInvoker.invokeMethod(TestInvoker.java:598)
	at org.testng.internal.TestInvoker.invokeTestMethod(TestInvoker.java:173)
	at org.testng.internal.MethodRunner.runInSequence(MethodRunner.java:46)
	at org.testng.internal.TestInvoker$MethodInvocationAgent.invoke(TestInvoker.java:824)
	at org.testng.internal.TestInvoker.invokeTestMethods(TestInvoker.java:146)
	at org.testng.internal.TestMethodWorker.invokeTestMethods(TestMethodWorker.java:146)
	at org.testng.internal.TestMethodWorker.run(TestMethodWorker.java:128)
	at java.util.ArrayList.forEach(ArrayList.java:1259)
	at org.testng.TestRunner.privateRun(TestRunner.java:794)
	at org.testng.TestRunner.run(TestRunner.java:596)
	at org.testng.SuiteRunner.runTest(SuiteRunner.java:377)
	at org.testng.SuiteRunner.runSequentially(SuiteRunner.java:371)
	at org.testng.SuiteRunner.privateRun(SuiteRunner.java:332)
	at org.testng.SuiteRunner.run(SuiteRunner.java:276)
	at org.testng.SuiteRunnerWorker.runSuite(SuiteRunnerWorker.java:53)
	at org.testng.SuiteRunnerWorker.run(SuiteRunnerWorker.java:96)
	at org.testng.TestNG.runSuitesSequentially(TestNG.java:1212)
	at org.testng.TestNG.runSuitesLocally(TestNG.java:1134)
	at org.testng.TestNG.runSuites(TestNG.java:1063)
	at org.testng.TestNG.run(TestNG.java:1031)
	at org.apache.maven.surefire.testng.TestNGExecutor.run(TestNGExecutor.java:135)
	at org.apache.maven.surefire.testng.TestNGDirectoryTestSuite.executeMulti(TestNGDirectoryTestSuite.java:193)
	at org.apache.maven.surefire.testng.TestNGDirectoryTestSuite.execute(TestNGDirectoryTestSuite.java:94)
	at org.apache.maven.surefire.testng.TestNGProvider.invoke(TestNGProvider.java:146)
	at org.apache.maven.surefire.booter.ForkedBooter.invokeProviderInSameClassLoader(ForkedBooter.java:384)
	at org.apache.maven.surefire.booter.ForkedBooter.runSuitesInProcess(ForkedBooter.java:345)
	at org.apache.maven.surefire.booter.ForkedBooter.execute(ForkedBooter.java:126)
	at org.apache.maven.surefire.booter.ForkedBooter.main(ForkedBooter.java:418)
</pre></div></td>
<td>0</td>
<td>bg.codix.chat.repository.MessageRepositoryTest@7526515b</td></tr>
<tr>
<td title='bg.codix.chat.repository.MessageRepositoryTest.sendMessage()'><b>sendMessage</b><br>Test class: bg.codix.chat.repository.MessageRepositoryTest</td>
<td></td>
<td>0</td>
<td>bg.codix.chat.repository.MessageRepositoryTest@7526515b</td></tr>
<tr>
<td title='bg.codix.chat.repository.UserRepositoryTest.checkSameGroupOfUsersCorrect()'><b>checkSameGroupOfUsersCorrect</b><br>Test class: bg.codix.chat.repository.UserRepositoryTest</td>
<td></td>
<td>0</td>
<td>bg.codix.chat.repository.UserRepositoryTest@53fe15ff</td></tr>
<tr>
<td title='bg.codix.chat.repository.UserRepositoryTest.getUsersWhoCanSendMessageToHandleException()'><b>getUsersWhoCanSendMessageToHandleException</b><br>Test class: bg.codix.chat.repository.UserRepositoryTest</td>
<td><div><pre>bg.codix.chat.exception.UserNotFoundException: Not users in same group
	at bg.codix.chat.repository.impl.UserRepositoryImpl.getUsersWhoCanSendMessageTo(UserRepositoryImpl.java:123)
	at bg.codix.chat.repository.UserRepositoryTest.getUsersWhoCanSendMessageToHandleException(UserRepositoryTest.java:141)
	at java.util.ArrayList.forEach(ArrayList.java:1259)
... Removed 32 stack frames</pre></div><a href='#' onClick='toggleBox("stack-trace145494758", this, "Click to show all stack frames", "Click to hide stack frames")'>Click to show all stack frames</a>
<div class='stack-trace' id='stack-trace145494758'><pre>bg.codix.chat.exception.UserNotFoundException: Not users in same group
	at bg.codix.chat.repository.impl.UserRepositoryImpl.getUsersWhoCanSendMessageTo(UserRepositoryImpl.java:123)
	at bg.codix.chat.repository.UserRepositoryTest.getUsersWhoCanSendMessageToHandleException(UserRepositoryTest.java:141)
	at sun.reflect.NativeMethodAccessorImpl.invoke0(Native Method)
	at sun.reflect.NativeMethodAccessorImpl.invoke(NativeMethodAccessorImpl.java:62)
	at sun.reflect.DelegatingMethodAccessorImpl.invoke(DelegatingMethodAccessorImpl.java:43)
	at java.lang.reflect.Method.invoke(Method.java:498)
	at org.testng.internal.MethodInvocationHelper.invokeMethod(MethodInvocationHelper.java:133)
	at org.testng.internal.TestInvoker.invokeMethod(TestInvoker.java:598)
	at org.testng.internal.TestInvoker.invokeTestMethod(TestInvoker.java:173)
	at org.testng.internal.MethodRunner.runInSequence(MethodRunner.java:46)
	at org.testng.internal.TestInvoker$MethodInvocationAgent.invoke(TestInvoker.java:824)
	at org.testng.internal.TestInvoker.invokeTestMethods(TestInvoker.java:146)
	at org.testng.internal.TestMethodWorker.invokeTestMethods(TestMethodWorker.java:146)
	at org.testng.internal.TestMethodWorker.run(TestMethodWorker.java:128)
	at java.util.ArrayList.forEach(ArrayList.java:1259)
	at org.testng.TestRunner.privateRun(TestRunner.java:794)
	at org.testng.TestRunner.run(TestRunner.java:596)
	at org.testng.SuiteRunner.runTest(SuiteRunner.java:377)
	at org.testng.SuiteRunner.runSequentially(SuiteRunner.java:371)
	at org.testng.SuiteRunner.privateRun(SuiteRunner.java:332)
	at org.testng.SuiteRunner.run(SuiteRunner.java:276)
	at org.testng.SuiteRunnerWorker.runSuite(SuiteRunnerWorker.java:53)
	at org.testng.SuiteRunnerWorker.run(SuiteRunnerWorker.java:96)
	at org.testng.TestNG.runSuitesSequentially(TestNG.java:1212)
	at org.testng.TestNG.runSuitesLocally(TestNG.java:1134)
	at org.testng.TestNG.runSuites(TestNG.java:1063)
	at org.testng.TestNG.run(TestNG.java:1031)
	at org.apache.maven.surefire.testng.TestNGExecutor.run(TestNGExecutor.java:135)
	at org.apache.maven.surefire.testng.TestNGDirectoryTestSuite.executeMulti(TestNGDirectoryTestSuite.java:193)
	at org.apache.maven.surefire.testng.TestNGDirectoryTestSuite.execute(TestNGDirectoryTestSuite.java:94)
	at org.apache.maven.surefire.testng.TestNGProvider.invoke(TestNGProvider.java:146)
	at org.apache.maven.surefire.booter.ForkedBooter.invokeProviderInSameClassLoader(ForkedBooter.java:384)
	at org.apache.maven.surefire.booter.ForkedBooter.runSuitesInProcess(ForkedBooter.java:345)
	at org.apache.maven.surefire.booter.ForkedBooter.execute(ForkedBooter.java:126)
	at org.apache.maven.surefire.booter.ForkedBooter.main(ForkedBooter.java:418)
</pre></div></td>
<td>0</td>
<td>bg.codix.chat.repository.UserRepositoryTest@53fe15ff</td></tr>
<tr>
<td title='bg.codix.chat.controller.UserControllerTest.getUserMessagesThrowException()'><b>getUserMessagesThrowException</b><br>Test class: bg.codix.chat.controller.UserControllerTest</td>
<td></td>
<td>0</td>
<td>bg.codix.chat.controller.UserControllerTest@644baf4a</td></tr>
<tr>
<td title='bg.codix.chat.repository.UserRepositoryTest.checkSameGroupOfUsersHandleException()'><b>checkSameGroupOfUsersHandleException</b><br>Test class: bg.codix.chat.repository.UserRepositoryTest</td>
<td><div><pre>bg.codix.chat.exception.GroupNotSameException: Sender and receipt are not in same group
	at bg.codix.chat.repository.impl.UserRepositoryImpl.checkSameGroupOfUsers(UserRepositoryImpl.java:84)
	at bg.codix.chat.repository.UserRepositoryTest.checkSameGroupOfUsersHandleException(UserRepositoryTest.java:171)
	at java.util.ArrayList.forEach(ArrayList.java:1259)
... Removed 32 stack frames</pre></div><a href='#' onClick='toggleBox("stack-trace1845922505", this, "Click to show all stack frames", "Click to hide stack frames")'>Click to show all stack frames</a>
<div class='stack-trace' id='stack-trace1845922505'><pre>bg.codix.chat.exception.GroupNotSameException: Sender and receipt are not in same group
	at bg.codix.chat.repository.impl.UserRepositoryImpl.checkSameGroupOfUsers(UserRepositoryImpl.java:84)
	at bg.codix.chat.repository.UserRepositoryTest.checkSameGroupOfUsersHandleException(UserRepositoryTest.java:171)
	at sun.reflect.NativeMethodAccessorImpl.invoke0(Native Method)
	at sun.reflect.NativeMethodAccessorImpl.invoke(NativeMethodAccessorImpl.java:62)
	at sun.reflect.DelegatingMethodAccessorImpl.invoke(DelegatingMethodAccessorImpl.java:43)
	at java.lang.reflect.Method.invoke(Method.java:498)
	at org.testng.internal.MethodInvocationHelper.invokeMethod(MethodInvocationHelper.java:133)
	at org.testng.internal.TestInvoker.invokeMethod(TestInvoker.java:598)
	at org.testng.internal.TestInvoker.invokeTestMethod(TestInvoker.java:173)
	at org.testng.internal.MethodRunner.runInSequence(MethodRunner.java:46)
	at org.testng.internal.TestInvoker$MethodInvocationAgent.invoke(TestInvoker.java:824)
	at org.testng.internal.TestInvoker.invokeTestMethods(TestInvoker.java:146)
	at org.testng.internal.TestMethodWorker.invokeTestMethods(TestMethodWorker.java:146)
	at org.testng.internal.TestMethodWorker.run(TestMethodWorker.java:128)
	at java.util.ArrayList.forEach(ArrayList.java:1259)
	at org.testng.TestRunner.privateRun(TestRunner.java:794)
	at org.testng.TestRunner.run(TestRunner.java:596)
	at org.testng.SuiteRunner.runTest(SuiteRunner.java:377)
	at org.testng.SuiteRunner.runSequentially(SuiteRunner.java:371)
	at org.testng.SuiteRunner.privateRun(SuiteRunner.java:332)
	at org.testng.SuiteRunner.run(SuiteRunner.java:276)
	at org.testng.SuiteRunnerWorker.runSuite(SuiteRunnerWorker.java:53)
	at org.testng.SuiteRunnerWorker.run(SuiteRunnerWorker.java:96)
	at org.testng.TestNG.runSuitesSequentially(TestNG.java:1212)
	at org.testng.TestNG.runSuitesLocally(TestNG.java:1134)
	at org.testng.TestNG.runSuites(TestNG.java:1063)
	at org.testng.TestNG.run(TestNG.java:1031)
	at org.apache.maven.surefire.testng.TestNGExecutor.run(TestNGExecutor.java:135)
	at org.apache.maven.surefire.testng.TestNGDirectoryTestSuite.executeMulti(TestNGDirectoryTestSuite.java:193)
	at org.apache.maven.surefire.testng.TestNGDirectoryTestSuite.execute(TestNGDirectoryTestSuite.java:94)
	at org.apache.maven.surefire.testng.TestNGProvider.invoke(TestNGProvider.java:146)
	at org.apache.maven.surefire.booter.ForkedBooter.invokeProviderInSameClassLoader(ForkedBooter.java:384)
	at org.apache.maven.surefire.booter.ForkedBooter.runSuitesInProcess(ForkedBooter.java:345)
	at org.apache.maven.surefire.booter.ForkedBooter.execute(ForkedBooter.java:126)
	at org.apache.maven.surefire.booter.ForkedBooter.main(ForkedBooter.java:418)
</pre></div></td>
<td>0</td>
<td>bg.codix.chat.repository.UserRepositoryTest@53fe15ff</td></tr>
<tr>
<td title='bg.codix.chat.controller.MessageControllerTest.sendMessageOk()'><b>sendMessageOk</b><br>Test class: bg.codix.chat.controller.MessageControllerTest</td>
<td></td>
<td>0</td>
<td>bg.codix.chat.controller.MessageControllerTest@3c77d488</td></tr>
<tr>
<td title='bg.codix.chat.repository.MessageRepositoryTest.getAllMessagesByReceipt()'><b>getAllMessagesByReceipt</b><br>Test class: bg.codix.chat.repository.MessageRepositoryTest</td>
<td></td>
<td>0</td>
<td>bg.codix.chat.repository.MessageRepositoryTest@7526515b</td></tr>
<tr>
<td title='bg.codix.chat.repository.UserRepositoryTest.getUserByIdCorrect()'><b>getUserByIdCorrect</b><br>Test class: bg.codix.chat.repository.UserRepositoryTest</td>
<td></td>
<td>0</td>
<td>bg.codix.chat.repository.UserRepositoryTest@53fe15ff</td></tr>
<tr>
<td title='bg.codix.chat.controller.UserControllerTest.getUsersWhoCanSendMessageThrowException()'><b>getUsersWhoCanSendMessageThrowException</b><br>Test class: bg.codix.chat.controller.UserControllerTest</td>
<td></td>
<td>0</td>
<td>bg.codix.chat.controller.UserControllerTest@644baf4a</td></tr>
<tr>
<td title='bg.codix.chat.repository.UserRepositoryTest.getUserByUsernameHandleException()'><b>getUserByUsernameHandleException</b><br>Test class: bg.codix.chat.repository.UserRepositoryTest</td>
<td><div><pre>bg.codix.chat.exception.UserNotFoundException: User not found with username: admin
	at bg.codix.chat.repository.impl.UserRepositoryImpl.getUserByUsername(UserRepositoryImpl.java:159)
	at bg.codix.chat.repository.UserRepositoryTest.getUserByUsernameHandleException(UserRepositoryTest.java:106)
	at java.util.ArrayList.forEach(ArrayList.java:1259)
... Removed 32 stack frames</pre></div><a href='#' onClick='toggleBox("stack-trace2065764471", this, "Click to show all stack frames", "Click to hide stack frames")'>Click to show all stack frames</a>
<div class='stack-trace' id='stack-trace2065764471'><pre>bg.codix.chat.exception.UserNotFoundException: User not found with username: admin
	at bg.codix.chat.repository.impl.UserRepositoryImpl.getUserByUsername(UserRepositoryImpl.java:159)
	at bg.codix.chat.repository.UserRepositoryTest.getUserByUsernameHandleException(UserRepositoryTest.java:106)
	at sun.reflect.NativeMethodAccessorImpl.invoke0(Native Method)
	at sun.reflect.NativeMethodAccessorImpl.invoke(NativeMethodAccessorImpl.java:62)
	at sun.reflect.DelegatingMethodAccessorImpl.invoke(DelegatingMethodAccessorImpl.java:43)
	at java.lang.reflect.Method.invoke(Method.java:498)
	at org.testng.internal.MethodInvocationHelper.invokeMethod(MethodInvocationHelper.java:133)
	at org.testng.internal.TestInvoker.invokeMethod(TestInvoker.java:598)
	at org.testng.internal.TestInvoker.invokeTestMethod(TestInvoker.java:173)
	at org.testng.internal.MethodRunner.runInSequence(MethodRunner.java:46)
	at org.testng.internal.TestInvoker$MethodInvocationAgent.invoke(TestInvoker.java:824)
	at org.testng.internal.TestInvoker.invokeTestMethods(TestInvoker.java:146)
	at org.testng.internal.TestMethodWorker.invokeTestMethods(TestMethodWorker.java:146)
	at org.testng.internal.TestMethodWorker.run(TestMethodWorker.java:128)
	at java.util.ArrayList.forEach(ArrayList.java:1259)
	at org.testng.TestRunner.privateRun(TestRunner.java:794)
	at org.testng.TestRunner.run(TestRunner.java:596)
	at org.testng.SuiteRunner.runTest(SuiteRunner.java:377)
	at org.testng.SuiteRunner.runSequentially(SuiteRunner.java:371)
	at org.testng.SuiteRunner.privateRun(SuiteRunner.java:332)
	at org.testng.SuiteRunner.run(SuiteRunner.java:276)
	at org.testng.SuiteRunnerWorker.runSuite(SuiteRunnerWorker.java:53)
	at org.testng.SuiteRunnerWorker.run(SuiteRunnerWorker.java:96)
	at org.testng.TestNG.runSuitesSequentially(TestNG.java:1212)
	at org.testng.TestNG.runSuitesLocally(TestNG.java:1134)
	at org.testng.TestNG.runSuites(TestNG.java:1063)
	at org.testng.TestNG.run(TestNG.java:1031)
	at org.apache.maven.surefire.testng.TestNGExecutor.run(TestNGExecutor.java:135)
	at org.apache.maven.surefire.testng.TestNGDirectoryTestSuite.executeMulti(TestNGDirectoryTestSuite.java:193)
	at org.apache.maven.surefire.testng.TestNGDirectoryTestSuite.execute(TestNGDirectoryTestSuite.java:94)
	at org.apache.maven.surefire.testng.TestNGProvider.invoke(TestNGProvider.java:146)
	at org.apache.maven.surefire.booter.ForkedBooter.invokeProviderInSameClassLoader(ForkedBooter.java:384)
	at org.apache.maven.surefire.booter.ForkedBooter.runSuitesInProcess(ForkedBooter.java:345)
	at org.apache.maven.surefire.booter.ForkedBooter.execute(ForkedBooter.java:126)
	at org.apache.maven.surefire.booter.ForkedBooter.main(ForkedBooter.java:418)
</pre></div></td>
<td>0</td>
<td>bg.codix.chat.repository.UserRepositoryTest@53fe15ff</td></tr>
<tr>
<td title='bg.codix.chat.controller.MessageControllerTest.readMessageWithWrongId()'><b>readMessageWithWrongId</b><br>Test class: bg.codix.chat.controller.MessageControllerTest</td>
<td></td>
<td>0</td>
<td>bg.codix.chat.controller.MessageControllerTest@3c77d488</td></tr>
<tr>
<td title='bg.codix.chat.repository.UserRepositoryTest.getAllByGroup()'><b>getAllByGroup</b><br>Test class: bg.codix.chat.repository.UserRepositoryTest</td>
<td></td>
<td>0</td>
<td>bg.codix.chat.repository.UserRepositoryTest@53fe15ff</td></tr>
<tr>
<td title='bg.codix.chat.repository.UserRepositoryTest.getUsersWhoCanSendMessageToCorrect()'><b>getUsersWhoCanSendMessageToCorrect</b><br>Test class: bg.codix.chat.repository.UserRepositoryTest</td>
<td></td>
<td>0</td>
<td>bg.codix.chat.repository.UserRepositoryTest@53fe15ff</td></tr>
<tr>
<td title='bg.codix.chat.controller.UserControllerTest.getUserMessages()'><b>getUserMessages</b><br>Test class: bg.codix.chat.controller.UserControllerTest</td>
<td></td>
<td>0</td>
<td>bg.codix.chat.controller.UserControllerTest@644baf4a</td></tr>
<tr>
<td title='bg.codix.chat.repository.MessageRepositoryTest.readMessage()'><b>readMessage</b><br>Test class: bg.codix.chat.repository.MessageRepositoryTest</td>
<td></td>
<td>0</td>
<td>bg.codix.chat.repository.MessageRepositoryTest@7526515b</td></tr>
<tr>
<td title='bg.codix.chat.controller.MessageControllerTest.readMessageWithValidId()'><b>readMessageWithValidId</b><br>Test class: bg.codix.chat.controller.MessageControllerTest</td>
<td></td>
<td>1</td>
<td>bg.codix.chat.controller.MessageControllerTest@3c77d488</td></tr>
<tr>
<td title='bg.codix.chat.repository.UserRepositoryTest.getUserByIdCorrectHandleException()'><b>getUserByIdCorrectHandleException</b><br>Test class: bg.codix.chat.repository.UserRepositoryTest</td>
<td><div><pre>bg.codix.chat.exception.UserNotFoundException: User not found with ID: 1
	at bg.codix.chat.repository.impl.UserRepositoryImpl.getUserById(UserRepositoryImpl.java:141)
	at bg.codix.chat.repository.UserRepositoryTest.getUserByIdCorrectHandleException(UserRepositoryTest.java:75)
	at java.util.ArrayList.forEach(ArrayList.java:1259)
... Removed 32 stack frames</pre></div><a href='#' onClick='toggleBox("stack-trace1819028083", this, "Click to show all stack frames", "Click to hide stack frames")'>Click to show all stack frames</a>
<div class='stack-trace' id='stack-trace1819028083'><pre>bg.codix.chat.exception.UserNotFoundException: User not found with ID: 1
	at bg.codix.chat.repository.impl.UserRepositoryImpl.getUserById(UserRepositoryImpl.java:141)
	at bg.codix.chat.repository.UserRepositoryTest.getUserByIdCorrectHandleException(UserRepositoryTest.java:75)
	at sun.reflect.NativeMethodAccessorImpl.invoke0(Native Method)
	at sun.reflect.NativeMethodAccessorImpl.invoke(NativeMethodAccessorImpl.java:62)
	at sun.reflect.DelegatingMethodAccessorImpl.invoke(DelegatingMethodAccessorImpl.java:43)
	at java.lang.reflect.Method.invoke(Method.java:498)
	at org.testng.internal.MethodInvocationHelper.invokeMethod(MethodInvocationHelper.java:133)
	at org.testng.internal.TestInvoker.invokeMethod(TestInvoker.java:598)
	at org.testng.internal.TestInvoker.invokeTestMethod(TestInvoker.java:173)
	at org.testng.internal.MethodRunner.runInSequence(MethodRunner.java:46)
	at org.testng.internal.TestInvoker$MethodInvocationAgent.invoke(TestInvoker.java:824)
	at org.testng.internal.TestInvoker.invokeTestMethods(TestInvoker.java:146)
	at org.testng.internal.TestMethodWorker.invokeTestMethods(TestMethodWorker.java:146)
	at org.testng.internal.TestMethodWorker.run(TestMethodWorker.java:128)
	at java.util.ArrayList.forEach(ArrayList.java:1259)
	at org.testng.TestRunner.privateRun(TestRunner.java:794)
	at org.testng.TestRunner.run(TestRunner.java:596)
	at org.testng.SuiteRunner.runTest(SuiteRunner.java:377)
	at org.testng.SuiteRunner.runSequentially(SuiteRunner.java:371)
	at org.testng.SuiteRunner.privateRun(SuiteRunner.java:332)
	at org.testng.SuiteRunner.run(SuiteRunner.java:276)
	at org.testng.SuiteRunnerWorker.runSuite(SuiteRunnerWorker.java:53)
	at org.testng.SuiteRunnerWorker.run(SuiteRunnerWorker.java:96)
	at org.testng.TestNG.runSuitesSequentially(TestNG.java:1212)
	at org.testng.TestNG.runSuitesLocally(TestNG.java:1134)
	at org.testng.TestNG.runSuites(TestNG.java:1063)
	at org.testng.TestNG.run(TestNG.java:1031)
	at org.apache.maven.surefire.testng.TestNGExecutor.run(TestNGExecutor.java:135)
	at org.apache.maven.surefire.testng.TestNGDirectoryTestSuite.executeMulti(TestNGDirectoryTestSuite.java:193)
	at org.apache.maven.surefire.testng.TestNGDirectoryTestSuite.execute(TestNGDirectoryTestSuite.java:94)
	at org.apache.maven.surefire.testng.TestNGProvider.invoke(TestNGProvider.java:146)
	at org.apache.maven.surefire.booter.ForkedBooter.invokeProviderInSameClassLoader(ForkedBooter.java:384)
	at org.apache.maven.surefire.booter.ForkedBooter.runSuitesInProcess(ForkedBooter.java:345)
	at org.apache.maven.surefire.booter.ForkedBooter.execute(ForkedBooter.java:126)
	at org.apache.maven.surefire.booter.ForkedBooter.main(ForkedBooter.java:418)
</pre></div></td>
<td>0</td>
<td>bg.codix.chat.repository.UserRepositoryTest@53fe15ff</td></tr>
<tr>
<td title='bg.codix.chat.controller.MessageControllerTest.sendMessageBadRequest()'><b>sendMessageBadRequest</b><br>Test class: bg.codix.chat.controller.MessageControllerTest</td>
<td></td>
<td>0</td>
<td>bg.codix.chat.controller.MessageControllerTest@3c77d488</td></tr>
<tr>
<td title='bg.codix.chat.repository.UserRepositoryTest.getUserByUsernameCorrect()'><b>getUserByUsernameCorrect</b><br>Test class: bg.codix.chat.repository.UserRepositoryTest</td>
<td></td>
<td>0</td>
<td>bg.codix.chat.repository.UserRepositoryTest@53fe15ff</td></tr>
<tr>
<td title='bg.codix.chat.controller.UserControllerTest.getAllCorrect()'><b>getAllCorrect</b><br>Test class: bg.codix.chat.controller.UserControllerTest</td>
<td></td>
<td>0</td>
<td>bg.codix.chat.controller.UserControllerTest@644baf4a</td></tr>
<tr>
<td title='bg.codix.chat.controller.UserControllerTest.getUsersWhoCanSendMessageToStatusOkAndCorrectResponse()'><b>getUsersWhoCanSendMessageToStatusOkAndCorrectResponse</b><br>Test class: bg.codix.chat.controller.UserControllerTest</td>
<td></td>
<td>0</td>
<td>bg.codix.chat.controller.UserControllerTest@644baf4a</td></tr>
<tr>
<td title='bg.codix.chat.repository.MessageRepositoryTest.getMessageByIdHandleException()'><b>getMessageByIdHandleException</b><br>Test class: bg.codix.chat.repository.MessageRepositoryTest</td>
<td><div><pre>bg.codix.chat.exception.MessageNotFoundException: Message not found with ID: 1
	at bg.codix.chat.repository.impl.MessageRepositoryImpl.getMessageById(MessageRepositoryImpl.java:132)
	at bg.codix.chat.repository.MessageRepositoryTest.getMessageByIdHandleException(MessageRepositoryTest.java:86)
	at java.util.ArrayList.forEach(ArrayList.java:1259)
... Removed 32 stack frames</pre></div><a href='#' onClick='toggleBox("stack-trace1719990258", this, "Click to show all stack frames", "Click to hide stack frames")'>Click to show all stack frames</a>
<div class='stack-trace' id='stack-trace1719990258'><pre>bg.codix.chat.exception.MessageNotFoundException: Message not found with ID: 1
	at bg.codix.chat.repository.impl.MessageRepositoryImpl.getMessageById(MessageRepositoryImpl.java:132)
	at bg.codix.chat.repository.MessageRepositoryTest.getMessageByIdHandleException(MessageRepositoryTest.java:86)
	at sun.reflect.NativeMethodAccessorImpl.invoke0(Native Method)
	at sun.reflect.NativeMethodAccessorImpl.invoke(NativeMethodAccessorImpl.java:62)
	at sun.reflect.DelegatingMethodAccessorImpl.invoke(DelegatingMethodAccessorImpl.java:43)
	at java.lang.reflect.Method.invoke(Method.java:498)
	at org.testng.internal.MethodInvocationHelper.invokeMethod(MethodInvocationHelper.java:133)
	at org.testng.internal.TestInvoker.invokeMethod(TestInvoker.java:598)
	at org.testng.internal.TestInvoker.invokeTestMethod(TestInvoker.java:173)
	at org.testng.internal.MethodRunner.runInSequence(MethodRunner.java:46)
	at org.testng.internal.TestInvoker$MethodInvocationAgent.invoke(TestInvoker.java:824)
	at org.testng.internal.TestInvoker.invokeTestMethods(TestInvoker.java:146)
	at org.testng.internal.TestMethodWorker.invokeTestMethods(TestMethodWorker.java:146)
	at org.testng.internal.TestMethodWorker.run(TestMethodWorker.java:128)
	at java.util.ArrayList.forEach(ArrayList.java:1259)
	at org.testng.TestRunner.privateRun(TestRunner.java:794)
	at org.testng.TestRunner.run(TestRunner.java:596)
	at org.testng.SuiteRunner.runTest(SuiteRunner.java:377)
	at org.testng.SuiteRunner.runSequentially(SuiteRunner.java:371)
	at org.testng.SuiteRunner.privateRun(SuiteRunner.java:332)
	at org.testng.SuiteRunner.run(SuiteRunner.java:276)
	at org.testng.SuiteRunnerWorker.runSuite(SuiteRunnerWorker.java:53)
	at org.testng.SuiteRunnerWorker.run(SuiteRunnerWorker.java:96)
	at org.testng.TestNG.runSuitesSequentially(TestNG.java:1212)
	at org.testng.TestNG.runSuitesLocally(TestNG.java:1134)
	at org.testng.TestNG.runSuites(TestNG.java:1063)
	at org.testng.TestNG.run(TestNG.java:1031)
	at org.apache.maven.surefire.testng.TestNGExecutor.run(TestNGExecutor.java:135)
	at org.apache.maven.surefire.testng.TestNGDirectoryTestSuite.executeMulti(TestNGDirectoryTestSuite.java:193)
	at org.apache.maven.surefire.testng.TestNGDirectoryTestSuite.execute(TestNGDirectoryTestSuite.java:94)
	at org.apache.maven.surefire.testng.TestNGProvider.invoke(TestNGProvider.java:146)
	at org.apache.maven.surefire.booter.ForkedBooter.invokeProviderInSameClassLoader(ForkedBooter.java:384)
	at org.apache.maven.surefire.booter.ForkedBooter.runSuitesInProcess(ForkedBooter.java:345)
	at org.apache.maven.surefire.booter.ForkedBooter.execute(ForkedBooter.java:126)
	at org.apache.maven.surefire.booter.ForkedBooter.main(ForkedBooter.java:418)
</pre></div></td>
<td>0</td>
<td>bg.codix.chat.repository.MessageRepositoryTest@7526515b</td></tr>
<tr>
<td title='bg.codix.chat.repository.UserRepositoryTest.getAllByGroupHandleException()'><b>getAllByGroupHandleException</b><br>Test class: bg.codix.chat.repository.UserRepositoryTest</td>
<td><div><pre>bg.codix.chat.exception.UserNotFoundException: Not found users!
	at bg.codix.chat.repository.impl.UserRepositoryImpl.getAllByGroup(UserRepositoryImpl.java:58)
	at bg.codix.chat.repository.UserRepositoryTest.getAllByGroupHandleException(UserRepositoryTest.java:217)
	at java.util.ArrayList.forEach(ArrayList.java:1259)
... Removed 32 stack frames</pre></div><a href='#' onClick='toggleBox("stack-trace920603686", this, "Click to show all stack frames", "Click to hide stack frames")'>Click to show all stack frames</a>
<div class='stack-trace' id='stack-trace920603686'><pre>bg.codix.chat.exception.UserNotFoundException: Not found users!
	at bg.codix.chat.repository.impl.UserRepositoryImpl.getAllByGroup(UserRepositoryImpl.java:58)
	at bg.codix.chat.repository.UserRepositoryTest.getAllByGroupHandleException(UserRepositoryTest.java:217)
	at sun.reflect.NativeMethodAccessorImpl.invoke0(Native Method)
	at sun.reflect.NativeMethodAccessorImpl.invoke(NativeMethodAccessorImpl.java:62)
	at sun.reflect.DelegatingMethodAccessorImpl.invoke(DelegatingMethodAccessorImpl.java:43)
	at java.lang.reflect.Method.invoke(Method.java:498)
	at org.testng.internal.MethodInvocationHelper.invokeMethod(MethodInvocationHelper.java:133)
	at org.testng.internal.TestInvoker.invokeMethod(TestInvoker.java:598)
	at org.testng.internal.TestInvoker.invokeTestMethod(TestInvoker.java:173)
	at org.testng.internal.MethodRunner.runInSequence(MethodRunner.java:46)
	at org.testng.internal.TestInvoker$MethodInvocationAgent.invoke(TestInvoker.java:824)
	at org.testng.internal.TestInvoker.invokeTestMethods(TestInvoker.java:146)
	at org.testng.internal.TestMethodWorker.invokeTestMethods(TestMethodWorker.java:146)
	at org.testng.internal.TestMethodWorker.run(TestMethodWorker.java:128)
	at java.util.ArrayList.forEach(ArrayList.java:1259)
	at org.testng.TestRunner.privateRun(TestRunner.java:794)
	at org.testng.TestRunner.run(TestRunner.java:596)
	at org.testng.SuiteRunner.runTest(SuiteRunner.java:377)
	at org.testng.SuiteRunner.runSequentially(SuiteRunner.java:371)
	at org.testng.SuiteRunner.privateRun(SuiteRunner.java:332)
	at org.testng.SuiteRunner.run(SuiteRunner.java:276)
	at org.testng.SuiteRunnerWorker.runSuite(SuiteRunnerWorker.java:53)
	at org.testng.SuiteRunnerWorker.run(SuiteRunnerWorker.java:96)
	at org.testng.TestNG.runSuitesSequentially(TestNG.java:1212)
	at org.testng.TestNG.runSuitesLocally(TestNG.java:1134)
	at org.testng.TestNG.runSuites(TestNG.java:1063)
	at org.testng.TestNG.run(TestNG.java:1031)
	at org.apache.maven.surefire.testng.TestNGExecutor.run(TestNGExecutor.java:135)
	at org.apache.maven.surefire.testng.TestNGDirectoryTestSuite.executeMulti(TestNGDirectoryTestSuite.java:193)
	at org.apache.maven.surefire.testng.TestNGDirectoryTestSuite.execute(TestNGDirectoryTestSuite.java:94)
	at org.apache.maven.surefire.testng.TestNGProvider.invoke(TestNGProvider.java:146)
	at org.apache.maven.surefire.booter.ForkedBooter.invokeProviderInSameClassLoader(ForkedBooter.java:384)
	at org.apache.maven.surefire.booter.ForkedBooter.runSuitesInProcess(ForkedBooter.java:345)
	at org.apache.maven.surefire.booter.ForkedBooter.execute(ForkedBooter.java:126)
	at org.apache.maven.surefire.booter.ForkedBooter.main(ForkedBooter.java:418)
</pre></div></td>
<td>0</td>
<td>bg.codix.chat.repository.UserRepositoryTest@53fe15ff</td></tr>
<tr>
<td title='bg.codix.chat.repository.MessageRepositoryTest.getMessageById()'><b>getMessageById</b><br>Test class: bg.codix.chat.repository.MessageRepositoryTest</td>
<td></td>
<td>0</td>
<td>bg.codix.chat.repository.MessageRepositoryTest@7526515b</td></tr>
</table><p>
</body>
</html>